<?xml version="1.0" encoding="UTF-8"?>
<testng-results ignored="0" total="1" passed="1" failed="0" skipped="0">
  <reporter-output>
  </reporter-output>
  <suite started-at="2025-06-14T22:52:13 IST" name="Default suite" finished-at="2025-06-14T22:52:18 IST" duration-ms="5522">
    <groups>
    </groups>
    <test started-at="2025-06-14T22:52:13 IST" name="Default test" finished-at="2025-06-14T22:52:18 IST" duration-ms="5522">
      <class name="test.Login">
        <test-method is-config="true" signature="setup()[pri:0, instance:test.Login@5b7a7f33]" started-at="2025-06-14T22:52:13 IST" name="setup" finished-at="2025-06-14T22:52:17 IST" duration-ms="4698" status="PASS">
          <reporter-output>
          </reporter-output>
        </test-method> <!-- setup -->
        <test-method signature="testValidLogin()[pri:0, instance:test.Login@5b7a7f33]" started-at="2025-06-14T22:52:17 IST" name="testValidLogin" finished-at="2025-06-14T22:52:17 IST" duration-ms="172" status="PASS">
          <reporter-output>
          </reporter-output>
        </test-method> <!-- testValidLogin -->
        <test-method is-config="true" signature="tearDown()[pri:0, instance:test.Login@5b7a7f33]" started-at="2025-06-14T22:52:17 IST" name="tearDown" finished-at="2025-06-14T22:52:18 IST" duration-ms="595" status="PASS">
          <reporter-output>
          </reporter-output>
        </test-method> <!-- tearDown -->
      </class> <!-- test.Login -->
    </test> <!-- Default test -->
  </suite> <!-- Default suite -->
</testng-results>
